<APIProxy revision="1" name="test-mvn">
    <DisplayName></DisplayName>
    <Description></Description>
    <CreatedAt>1648475972366</CreatedAt>
    <LastModifiedAt>1648475972366</LastModifiedAt>
    <BasePaths>/test-mvn</BasePaths>
    <ProxyEndpoints>
        <ProxyEndpoint>default</ProxyEndpoint>
    </ProxyEndpoints>
    <TargetEndpoints>
        <TargetEndpoint>default</TargetEndpoint>
    </TargetEndpoints>
</APIProxy>